# JRE version: OpenJDK Runtime Environment (8.0_152-b02) (build 1.8.0_152-release-1024-b02)
# Java VM: OpenJDK 64-Bit Server VM (25.152-b02 mixed mode windows-amd64 compressed oops)
Heap:
 PSYoungGen      total 130560K, used 17054K [0x00000000e0000000, 0x00000000e8e00000, 0x0000000100000000)
  eden space 121856K, 13% used [0x00000000e0000000,0x00000000e10a7990,0x00000000e7700000)
  from space 8704K, 0% used [0x00000000e7c00000,0x00000000e7c00000,0x00000000e8480000)
  to   space 9728K, 0% used [0x00000000e8480000,0x00000000e8480000,0x00000000e8e00000)
 ParOldGen       total 62976K, used 19262K [0x00000000a0000000, 0x00000000a3d80000, 0x00000000e0000000)
  object space 62976K, 30% used [0x00000000a0000000,0x00000000a12cf830,0x00000000a3d80000)
 Metaspace       used 36112K, capacity 36760K, committed 36952K, reserved 1081344K
  class space    used 4975K, capacity 5170K, committed 5248K, reserved 1048576K
GC Heap History (10 events):
Event: 2.678 GC heap before
{Heap before GC invocations=7 (full 0):
 PSYoungGen      total 71168K, used 20535K [0x00000000e0000000, 0x00000000e4f00000, 0x0000000100000000)
  eden space 64512K, 21% used [0x00000000e0000000,0x00000000e0d95278,0x00000000e3f00000)
  from space 6656K, 99% used [0x00000000e4680000,0x00000000e4cf8a98,0x00000000e4d00000)
  to   space 7680K, 0% used [0x00000000e3f00000,0x00000000e3f00000,0x00000000e4680000)
 ParOldGen       total 44032K, used 7010K [0x00000000a0000000, 0x00000000a2b00000, 0x00000000e0000000)
  object space 44032K, 15% used [0x00000000a0000000,0x00000000a06d8ad0,0x00000000a2b00000)
 Metaspace       used 20806K, capacity 21200K, committed 21248K, reserved 1067008K
  class space    used 2903K, capacity 3038K, committed 3072K, reserved 1048576K
Event: 2.691 GC heap after
Heap after GC invocations=7 (full 0):
 PSYoungGen      total 72192K, used 5516K [0x00000000e0000000, 0x00000000e8d00000, 0x0000000100000000)
  eden space 64512K, 0% used [0x00000000e0000000,0x00000000e0000000,0x00000000e3f00000)
  from space 7680K, 71% used [0x00000000e3f00000,0x00000000e44630c0,0x00000000e4680000)
  to   space 7680K, 0% used [0x00000000e8580000,0x00000000e8580000,0x00000000e8d00000)
 ParOldGen       total 44032K, used 7802K [0x00000000a0000000, 0x00000000a2b00000, 0x00000000e0000000)
  object space 44032K, 17% used [0x00000000a0000000,0x00000000a079eb10,0x00000000a2b00000)
 Metaspace       used 20806K, capacity 21200K, committed 21248K, reserved 1067008K
  class space    used 2903K, capacity 3038K, committed 3072K, reserved 1048576K
}
Event: 2.691 GC heap before
{Heap before GC invocations=8 (full 1):
 PSYoungGen      total 72192K, used 5516K [0x00000000e0000000, 0x00000000e8d00000, 0x0000000100000000)
  eden space 64512K, 0% used [0x00000000e0000000,0x00000000e0000000,0x00000000e3f00000)
  from space 7680K, 71% used [0x00000000e3f00000,0x00000000e44630c0,0x00000000e4680000)
  to   space 7680K, 0% used [0x00000000e8580000,0x00000000e8580000,0x00000000e8d00000)
 ParOldGen       total 44032K, used 7802K [0x00000000a0000000, 0x00000000a2b00000, 0x00000000e0000000)
  object space 44032K, 17% used [0x00000000a0000000,0x00000000a079eb10,0x00000000a2b00000)
 Metaspace       used 20806K, capacity 21200K, committed 21248K, reserved 1067008K
  class space    used 2903K, capacity 3038K, committed 3072K, reserved 1048576K
Event: 2.755 GC heap after
Heap after GC invocations=8 (full 1):
 PSYoungGen      total 72192K, used 0K [0x00000000e0000000, 0x00000000e8d00000, 0x0000000100000000)
  eden space 64512K, 0% used [0x00000000e0000000,0x00000000e0000000,0x00000000e3f00000)
  from space 7680K, 0% used [0x00000000e3f00000,0x00000000e3f00000,0x00000000e4680000)
  to   space 7680K, 0% used [0x00000000e8580000,0x00000000e8580000,0x00000000e8d00000)
 ParOldGen       total 36352K, used 7949K [0x00000000a0000000, 0x00000000a2380000, 0x00000000e0000000)
  object space 36352K, 21% used [0x00000000a0000000,0x00000000a07c35e0,0x00000000a2380000)
 Metaspace       used 20806K, capacity 21200K, committed 21248K, reserved 1067008K
  class space    used 2903K, capacity 3038K, committed 3072K, reserved 1048576K
}
Event: 3.762 GC heap before
{Heap before GC invocations=9 (full 1):
 PSYoungGen      total 72192K, used 64512K [0x00000000e0000000, 0x00000000e8d00000, 0x0000000100000000)
  eden space 64512K, 100% used [0x00000000e0000000,0x00000000e3f00000,0x00000000e3f00000)
  from space 7680K, 0% used [0x00000000e3f00000,0x00000000e3f00000,0x00000000e4680000)
  to   space 7680K, 0% used [0x00000000e8580000,0x00000000e8580000,0x00000000e8d00000)
 ParOldGen       total 36352K, used 7949K [0x00000000a0000000, 0x00000000a2380000, 0x00000000e0000000)
  object space 36352K, 21% used [0x00000000a0000000,0x00000000a07c35e0,0x00000000a2380000)
 Metaspace       used 26525K, capacity 26986K, committed 27136K, reserved 1073152K
  class space    used 3653K, capacity 3827K, committed 3840K, reserved 1048576K
Event: 3.773 GC heap after
Heap after GC invocations=9 (full 1):
 PSYoungGen      total 103424K, used 7227K [0x00000000e0000000, 0x00000000e8d00000, 0x0000000100000000)
  eden space 95744K, 0% used [0x00000000e0000000,0x00000000e0000000,0x00000000e5d80000)
  from space 7680K, 94% used [0x00000000e8580000,0x00000000e8c8ecf0,0x00000000e8d00000)
  to   space 8704K, 0% used [0x00000000e7c00000,0x00000000e7c00000,0x00000000e8480000)
 ParOldGen       total 36352K, used 7957K [0x00000000a0000000, 0x00000000a2380000, 0x00000000e0000000)
  object space 36352K, 21% used [0x00000000a0000000,0x00000000a07c55e0,0x00000000a2380000)
 Metaspace       used 26525K, capacity 26986K, committed 27136K, reserved 1073152K
  class space    used 3653K, capacity 3827K, committed 3840K, reserved 1048576K
}
Event: 5.272 GC heap before
{Heap before GC invocations=10 (full 1):
 PSYoungGen      total 103424K, used 97538K [0x00000000e0000000, 0x00000000e8d00000, 0x0000000100000000)
  eden space 95744K, 94% used [0x00000000e0000000,0x00000000e5831be8,0x00000000e5d80000)
  from space 7680K, 94% used [0x00000000e8580000,0x00000000e8c8ecf0,0x00000000e8d00000)
  to   space 8704K, 0% used [0x00000000e7c00000,0x00000000e7c00000,0x00000000e8480000)
 ParOldGen       total 36352K, used 7957K [0x00000000a0000000, 0x00000000a2380000, 0x00000000e0000000)
  object space 36352K, 21% used [0x00000000a0000000,0x00000000a07c55e0,0x00000000a2380000)
 Metaspace       used 34683K, capacity 35324K, committed 35416K, reserved 1079296K
  class space    used 4780K, capacity 4972K, committed 4992K, reserved 1048576K
Event: 5.289 GC heap after
Heap after GC invocations=10 (full 1):
 PSYoungGen      total 130560K, used 8699K [0x00000000e0000000, 0x00000000e8e00000, 0x0000000100000000)
  eden space 121856K, 0% used [0x00000000e0000000,0x00000000e0000000,0x00000000e7700000)
  from space 8704K, 99% used [0x00000000e7c00000,0x00000000e847ed18,0x00000000e8480000)
  to   space 9728K, 0% used [0x00000000e8480000,0x00000000e8480000,0x00000000e8e00000)
 ParOldGen       total 36352K, used 12157K [0x00000000a0000000, 0x00000000a2380000, 0x00000000e0000000)
  object space 36352K, 33% used [0x00000000a0000000,0x00000000a0bdf540,0x00000000a2380000)
 Metaspace       used 34683K, capacity 35324K, committed 35416K, reserved 1079296K
  class space    used 4780K, capacity 4972K, committed 4992K, reserved 1048576K
}
Event: 5.289 GC heap before
{Heap before GC invocations=11 (full 2):
 PSYoungGen      total 130560K, used 8699K [0x00000000e0000000, 0x00000000e8e00000, 0x0000000100000000)
  eden space 121856K, 0% used [0x00000000e0000000,0x00000000e0000000,0x00000000e7700000)
  from space 8704K, 99% used [0x00000000e7c00000,0x00000000e847ed18,0x00000000e8480000)
  to   space 9728K, 0% used [0x00000000e8480000,0x00000000e8480000,0x00000000e8e00000)
 ParOldGen       total 36352K, used 12157K [0x00000000a0000000, 0x00000000a2380000, 0x00000000e0000000)
  object space 36352K, 33% used [0x00000000a0000000,0x00000000a0bdf540,0x00000000a2380000)
 Metaspace       used 34683K, capacity 35324K, committed 35416K, reserved 1079296K
  class space    used 4780K, capacity 4972K, committed 4992K, reserved 1048576K
Event: 5.354 GC heap after
Heap after GC invocations=11 (full 2):
 PSYoungGen      total 130560K, used 0K [0x00000000e0000000, 0x00000000e8e00000, 0x0000000100000000)
  eden space 121856K, 0% used [0x00000000e0000000,0x00000000e0000000,0x00000000e7700000)
  from space 8704K, 0% used [0x00000000e7c00000,0x00000000e7c00000,0x00000000e8480000)
  to   space 9728K, 0% used [0x00000000e8480000,0x00000000e8480000,0x00000000e8e00000)
 ParOldGen       total 62976K, used 19262K [0x00000000a0000000, 0x00000000a3d80000, 0x00000000e0000000)
  object space 62976K, 30% used [0x00000000a0000000,0x00000000a12cf830,0x00000000a3d80000)
 Metaspace       used 34683K, capacity 35324K, committed 35416K, reserved 1079296K
  class space    used 4780K, capacity 4972K, committed 4992K, reserved 1048576K
}

