# JRE version: OpenJDK Runtime Environment (8.0_152-b02) (build 1.8.0_152-release-1024-b02)
# Java VM: OpenJDK 64-Bit Server VM (25.152-b02 mixed mode windows-amd64 compressed oops)
Heap:
 PSYoungGen      total 135680K, used 94497K [0x00000000e0000000, 0x00000000e9b80000, 0x0000000100000000)
  eden space 126976K, 74% used [0x00000000e0000000,0x00000000e5c48470,0x00000000e7c00000)
  from space 8704K, 0% used [0x00000000e7c00000,0x00000000e7c00000,0x00000000e8480000)
  to   space 11776K, 0% used [0x00000000e9000000,0x00000000e9000000,0x00000000e9b80000)
 ParOldGen       total 55808K, used 19261K [0x00000000a0000000, 0x00000000a3680000, 0x00000000e0000000)
  object space 55808K, 34% used [0x00000000a0000000,0x00000000a12cf420,0x00000000a3680000)
 Metaspace       used 40256K, capacity 41032K, committed 41304K, reserved 1085440K
  class space    used 5493K, capacity 5736K, committed 5760K, reserved 1048576K
GC Heap History (10 events):
Event: 2.985 GC heap before
{Heap before GC invocations=7 (full 0):
 PSYoungGen      total 71168K, used 20630K [0x00000000e0000000, 0x00000000e4f00000, 0x0000000100000000)
  eden space 64512K, 21% used [0x00000000e0000000,0x00000000e0dac098,0x00000000e3f00000)
  from space 6656K, 99% used [0x00000000e4680000,0x00000000e4cf9840,0x00000000e4d00000)
  to   space 7680K, 0% used [0x00000000e3f00000,0x00000000e3f00000,0x00000000e4680000)
 ParOldGen       total 44032K, used 6990K [0x00000000a0000000, 0x00000000a2b00000, 0x00000000e0000000)
  object space 44032K, 15% used [0x00000000a0000000,0x00000000a06d3958,0x00000000a2b00000)
 Metaspace       used 20796K, capacity 21184K, committed 21248K, reserved 1067008K
  class space    used 2904K, capacity 3038K, committed 3072K, reserved 1048576K
Event: 3.004 GC heap after
Heap after GC invocations=7 (full 0):
 PSYoungGen      total 72192K, used 5436K [0x00000000e0000000, 0x00000000e8d00000, 0x0000000100000000)
  eden space 64512K, 0% used [0x00000000e0000000,0x00000000e0000000,0x00000000e3f00000)
  from space 7680K, 70% used [0x00000000e3f00000,0x00000000e444f090,0x00000000e4680000)
  to   space 7680K, 0% used [0x00000000e8580000,0x00000000e8580000,0x00000000e8d00000)
 ParOldGen       total 44032K, used 7954K [0x00000000a0000000, 0x00000000a2b00000, 0x00000000e0000000)
  object space 44032K, 18% used [0x00000000a0000000,0x00000000a07c49b8,0x00000000a2b00000)
 Metaspace       used 20796K, capacity 21184K, committed 21248K, reserved 1067008K
  class space    used 2904K, capacity 3038K, committed 3072K, reserved 1048576K
}
Event: 3.004 GC heap before
{Heap before GC invocations=8 (full 1):
 PSYoungGen      total 72192K, used 5436K [0x00000000e0000000, 0x00000000e8d00000, 0x0000000100000000)
  eden space 64512K, 0% used [0x00000000e0000000,0x00000000e0000000,0x00000000e3f00000)
  from space 7680K, 70% used [0x00000000e3f00000,0x00000000e444f090,0x00000000e4680000)
  to   space 7680K, 0% used [0x00000000e8580000,0x00000000e8580000,0x00000000e8d00000)
 ParOldGen       total 44032K, used 7954K [0x00000000a0000000, 0x00000000a2b00000, 0x00000000e0000000)
  object space 44032K, 18% used [0x00000000a0000000,0x00000000a07c49b8,0x00000000a2b00000)
 Metaspace       used 20796K, capacity 21184K, committed 21248K, reserved 1067008K
  class space    used 2904K, capacity 3038K, committed 3072K, reserved 1048576K
Event: 3.057 GC heap after
Heap after GC invocations=8 (full 1):
 PSYoungGen      total 72192K, used 0K [0x00000000e0000000, 0x00000000e8d00000, 0x0000000100000000)
  eden space 64512K, 0% used [0x00000000e0000000,0x00000000e0000000,0x00000000e3f00000)
  from space 7680K, 0% used [0x00000000e3f00000,0x00000000e3f00000,0x00000000e4680000)
  to   space 7680K, 0% used [0x00000000e8580000,0x00000000e8580000,0x00000000e8d00000)
 ParOldGen       total 36864K, used 10472K [0x00000000a0000000, 0x00000000a2400000, 0x00000000e0000000)
  object space 36864K, 28% used [0x00000000a0000000,0x00000000a0a3a060,0x00000000a2400000)
 Metaspace       used 20796K, capacity 21184K, committed 21248K, reserved 1067008K
  class space    used 2904K, capacity 3038K, committed 3072K, reserved 1048576K
}
Event: 4.447 GC heap before
{Heap before GC invocations=9 (full 1):
 PSYoungGen      total 72192K, used 64512K [0x00000000e0000000, 0x00000000e8d00000, 0x0000000100000000)
  eden space 64512K, 100% used [0x00000000e0000000,0x00000000e3f00000,0x00000000e3f00000)
  from space 7680K, 0% used [0x00000000e3f00000,0x00000000e3f00000,0x00000000e4680000)
  to   space 7680K, 0% used [0x00000000e8580000,0x00000000e8580000,0x00000000e8d00000)
 ParOldGen       total 36864K, used 10472K [0x00000000a0000000, 0x00000000a2400000, 0x00000000e0000000)
  object space 36864K, 28% used [0x00000000a0000000,0x00000000a0a3a060,0x00000000a2400000)
 Metaspace       used 26499K, capacity 26970K, committed 27136K, reserved 1073152K
  class space    used 3653K, capacity 3827K, committed 3840K, reserved 1048576K
Event: 4.456 GC heap after
Heap after GC invocations=9 (full 1):
 PSYoungGen      total 110592K, used 7293K [0x00000000e0000000, 0x00000000e8d00000, 0x0000000100000000)
  eden space 102912K, 0% used [0x00000000e0000000,0x00000000e0000000,0x00000000e6480000)
  from space 7680K, 94% used [0x00000000e8580000,0x00000000e8c9f578,0x00000000e8d00000)
  to   space 8704K, 0% used [0x00000000e7c00000,0x00000000e7c00000,0x00000000e8480000)
 ParOldGen       total 36864K, used 10480K [0x00000000a0000000, 0x00000000a2400000, 0x00000000e0000000)
  object space 36864K, 28% used [0x00000000a0000000,0x00000000a0a3c060,0x00000000a2400000)
 Metaspace       used 26499K, capacity 26970K, committed 27136K, reserved 1073152K
  class space    used 3653K, capacity 3827K, committed 3840K, reserved 1048576K
}
Event: 11.505 GC heap before
{Heap before GC invocations=10 (full 1):
 PSYoungGen      total 110592K, used 98002K [0x00000000e0000000, 0x00000000e8d00000, 0x0000000100000000)
  eden space 102912K, 88% used [0x00000000e0000000,0x00000000e58955e8,0x00000000e6480000)
  from space 7680K, 94% used [0x00000000e8580000,0x00000000e8c9f578,0x00000000e8d00000)
  to   space 8704K, 0% used [0x00000000e7c00000,0x00000000e7c00000,0x00000000e8480000)
 ParOldGen       total 36864K, used 10480K [0x00000000a0000000, 0x00000000a2400000, 0x00000000e0000000)
  object space 36864K, 28% used [0x00000000a0000000,0x00000000a0a3c060,0x00000000a2400000)
 Metaspace       used 34667K, capacity 35244K, committed 35416K, reserved 1079296K
  class space    used 4780K, capacity 4972K, committed 4992K, reserved 1048576K
Event: 11.518 GC heap after
Heap after GC invocations=10 (full 1):
 PSYoungGen      total 135680K, used 8701K [0x00000000e0000000, 0x00000000e9b80000, 0x0000000100000000)
  eden space 126976K, 0% used [0x00000000e0000000,0x00000000e0000000,0x00000000e7c00000)
  from space 8704K, 99% used [0x00000000e7c00000,0x00000000e847f6d8,0x00000000e8480000)
  to   space 11776K, 0% used [0x00000000e9000000,0x00000000e9000000,0x00000000e9b80000)
 ParOldGen       total 36864K, used 14713K [0x00000000a0000000, 0x00000000a2400000, 0x00000000e0000000)
  object space 36864K, 39% used [0x00000000a0000000,0x00000000a0e5e610,0x00000000a2400000)
 Metaspace       used 34667K, capacity 35244K, committed 35416K, reserved 1079296K
  class space    used 4780K, capacity 4972K, committed 4992K, reserved 1048576K
}
Event: 11.518 GC heap before
{Heap before GC invocations=11 (full 2):
 PSYoungGen      total 135680K, used 8701K [0x00000000e0000000, 0x00000000e9b80000, 0x0000000100000000)
  eden space 126976K, 0% used [0x00000000e0000000,0x00000000e0000000,0x00000000e7c00000)
  from space 8704K, 99% used [0x00000000e7c00000,0x00000000e847f6d8,0x00000000e8480000)
  to   space 11776K, 0% used [0x00000000e9000000,0x00000000e9000000,0x00000000e9b80000)
 ParOldGen       total 36864K, used 14713K [0x00000000a0000000, 0x00000000a2400000, 0x00000000e0000000)
  object space 36864K, 39% used [0x00000000a0000000,0x00000000a0e5e610,0x00000000a2400000)
 Metaspace       used 34667K, capacity 35244K, committed 35416K, reserved 1079296K
  class space    used 4780K, capacity 4972K, committed 4992K, reserved 1048576K
Event: 11.591 GC heap after
Heap after GC invocations=11 (full 2):
 PSYoungGen      total 135680K, used 0K [0x00000000e0000000, 0x00000000e9b80000, 0x0000000100000000)
  eden space 126976K, 0% used [0x00000000e0000000,0x00000000e0000000,0x00000000e7c00000)
  from space 8704K, 0% used [0x00000000e7c00000,0x00000000e7c00000,0x00000000e8480000)
  to   space 11776K, 0% used [0x00000000e9000000,0x00000000e9000000,0x00000000e9b80000)
 ParOldGen       total 55808K, used 19261K [0x00000000a0000000, 0x00000000a3680000, 0x00000000e0000000)
  object space 55808K, 34% used [0x00000000a0000000,0x00000000a12cf420,0x00000000a3680000)
 Metaspace       used 34667K, capacity 35244K, committed 35416K, reserved 1079296K
  class space    used 4780K, capacity 4972K, committed 4992K, reserved 1048576K
}

