# JRE version: OpenJDK Runtime Environment (8.0_152-b02) (build 1.8.0_152-release-1024-b02)
# Java VM: OpenJDK 64-Bit Server VM (25.152-b02 mixed mode windows-amd64 compressed oops)
Heap:
 PSYoungGen      total 106496K, used 73485K [0x00000000e0000000, 0x00000000e8d80000, 0x0000000100000000)
  eden space 98816K, 67% used [0x00000000e0000000,0x00000000e40b8518,0x00000000e6080000)
  from space 7680K, 93% used [0x00000000e8600000,0x00000000e8d0b000,0x00000000e8d80000)
  to   space 8704K, 0% used [0x00000000e7c80000,0x00000000e7c80000,0x00000000e8500000)
 ParOldGen       total 35328K, used 7975K [0x00000000a0000000, 0x00000000a2280000, 0x00000000e0000000)
  object space 35328K, 22% used [0x00000000a0000000,0x00000000a07c9e08,0x00000000a2280000)
 Metaspace       used 29950K, capacity 30446K, committed 30592K, reserved 1075200K
  class space    used 4199K, capacity 4386K, committed 4480K, reserved 1048576K
GC Heap History (10 events):
Event: 1.924 GC heap before
{Heap before GC invocations=5 (full 0):
 PSYoungGen      total 35328K, used 35312K [0x00000000e0000000, 0x00000000e2500000, 0x0000000100000000)
  eden space 32768K, 100% used [0x00000000e0000000,0x00000000e2000000,0x00000000e2000000)
  from space 2560K, 99% used [0x00000000e2280000,0x00000000e24fc010,0x00000000e2500000)
  to   space 2560K, 0% used [0x00000000e2000000,0x00000000e2000000,0x00000000e2280000)
 ParOldGen       total 44032K, used 3298K [0x00000000a0000000, 0x00000000a2b00000, 0x00000000e0000000)
  object space 44032K, 7% used [0x00000000a0000000,0x00000000a03388c0,0x00000000a2b00000)
 Metaspace       used 14396K, capacity 14694K, committed 14976K, reserved 1062912K
  class space    used 2012K, capacity 2123K, committed 2176K, reserved 1048576K
Event: 1.930 GC heap after
Heap after GC invocations=5 (full 0):
 PSYoungGen      total 35328K, used 2528K [0x00000000e0000000, 0x00000000e4d00000, 0x0000000100000000)
  eden space 32768K, 0% used [0x00000000e0000000,0x00000000e0000000,0x00000000e2000000)
  from space 2560K, 98% used [0x00000000e2000000,0x00000000e2278020,0x00000000e2280000)
  to   space 6656K, 0% used [0x00000000e4680000,0x00000000e4680000,0x00000000e4d00000)
 ParOldGen       total 44032K, used 7040K [0x00000000a0000000, 0x00000000a2b00000, 0x00000000e0000000)
  object space 44032K, 15% used [0x00000000a0000000,0x00000000a06e02a8,0x00000000a2b00000)
 Metaspace       used 14396K, capacity 14694K, committed 14976K, reserved 1062912K
  class space    used 2012K, capacity 2123K, committed 2176K, reserved 1048576K
}
Event: 2.571 GC heap before
{Heap before GC invocations=6 (full 0):
 PSYoungGen      total 35328K, used 35296K [0x00000000e0000000, 0x00000000e4d00000, 0x0000000100000000)
  eden space 32768K, 100% used [0x00000000e0000000,0x00000000e2000000,0x00000000e2000000)
  from space 2560K, 98% used [0x00000000e2000000,0x00000000e2278020,0x00000000e2280000)
  to   space 6656K, 0% used [0x00000000e4680000,0x00000000e4680000,0x00000000e4d00000)
 ParOldGen       total 44032K, used 7040K [0x00000000a0000000, 0x00000000a2b00000, 0x00000000e0000000)
  object space 44032K, 15% used [0x00000000a0000000,0x00000000a06e02a8,0x00000000a2b00000)
 Metaspace       used 17611K, capacity 18080K, committed 18304K, reserved 1064960K
  class space    used 2537K, capacity 2686K, committed 2688K, reserved 1048576K
Event: 2.582 GC heap after
Heap after GC invocations=6 (full 0):
 PSYoungGen      total 71168K, used 6617K [0x00000000e0000000, 0x00000000e4f00000, 0x0000000100000000)
  eden space 64512K, 0% used [0x00000000e0000000,0x00000000e0000000,0x00000000e3f00000)
  from space 6656K, 99% used [0x00000000e4680000,0x00000000e4cf6730,0x00000000e4d00000)
  to   space 7680K, 0% used [0x00000000e3f00000,0x00000000e3f00000,0x00000000e4680000)
 ParOldGen       total 44032K, used 7048K [0x00000000a0000000, 0x00000000a2b00000, 0x00000000e0000000)
  object space 44032K, 16% used [0x00000000a0000000,0x00000000a06e22a8,0x00000000a2b00000)
 Metaspace       used 17611K, capacity 18080K, committed 18304K, reserved 1064960K
  class space    used 2537K, capacity 2686K, committed 2688K, reserved 1048576K
}
Event: 2.802 GC heap before
{Heap before GC invocations=7 (full 0):
 PSYoungGen      total 71168K, used 20847K [0x00000000e0000000, 0x00000000e4f00000, 0x0000000100000000)
  eden space 64512K, 22% used [0x00000000e0000000,0x00000000e0de5700,0x00000000e3f00000)
  from space 6656K, 99% used [0x00000000e4680000,0x00000000e4cf6730,0x00000000e4d00000)
  to   space 7680K, 0% used [0x00000000e3f00000,0x00000000e3f00000,0x00000000e4680000)
 ParOldGen       total 44032K, used 7048K [0x00000000a0000000, 0x00000000a2b00000, 0x00000000e0000000)
  object space 44032K, 16% used [0x00000000a0000000,0x00000000a06e22a8,0x00000000a2b00000)
 Metaspace       used 20807K, capacity 21184K, committed 21248K, reserved 1067008K
  class space    used 2904K, capacity 3038K, committed 3072K, reserved 1048576K
Event: 2.810 GC heap after
Heap after GC invocations=7 (full 0):
 PSYoungGen      total 72192K, used 5648K [0x00000000e0000000, 0x00000000e8e00000, 0x0000000100000000)
  eden space 64512K, 0% used [0x00000000e0000000,0x00000000e0000000,0x00000000e3f00000)
  from space 7680K, 73% used [0x00000000e3f00000,0x00000000e44842c0,0x00000000e4680000)
  to   space 8192K, 0% used [0x00000000e8600000,0x00000000e8600000,0x00000000e8e00000)
 ParOldGen       total 44032K, used 7752K [0x00000000a0000000, 0x00000000a2b00000, 0x00000000e0000000)
  object space 44032K, 17% used [0x00000000a0000000,0x00000000a07922f8,0x00000000a2b00000)
 Metaspace       used 20807K, capacity 21184K, committed 21248K, reserved 1067008K
  class space    used 2904K, capacity 3038K, committed 3072K, reserved 1048576K
}
Event: 2.810 GC heap before
{Heap before GC invocations=8 (full 1):
 PSYoungGen      total 72192K, used 5648K [0x00000000e0000000, 0x00000000e8e00000, 0x0000000100000000)
  eden space 64512K, 0% used [0x00000000e0000000,0x00000000e0000000,0x00000000e3f00000)
  from space 7680K, 73% used [0x00000000e3f00000,0x00000000e44842c0,0x00000000e4680000)
  to   space 8192K, 0% used [0x00000000e8600000,0x00000000e8600000,0x00000000e8e00000)
 ParOldGen       total 44032K, used 7752K [0x00000000a0000000, 0x00000000a2b00000, 0x00000000e0000000)
  object space 44032K, 17% used [0x00000000a0000000,0x00000000a07922f8,0x00000000a2b00000)
 Metaspace       used 20807K, capacity 21184K, committed 21248K, reserved 1067008K
  class space    used 2904K, capacity 3038K, committed 3072K, reserved 1048576K
Event: 2.854 GC heap after
Heap after GC invocations=8 (full 1):
 PSYoungGen      total 72192K, used 0K [0x00000000e0000000, 0x00000000e8e00000, 0x0000000100000000)
  eden space 64512K, 0% used [0x00000000e0000000,0x00000000e0000000,0x00000000e3f00000)
  from space 7680K, 0% used [0x00000000e3f00000,0x00000000e3f00000,0x00000000e4680000)
  to   space 8192K, 0% used [0x00000000e8600000,0x00000000e8600000,0x00000000e8e00000)
 ParOldGen       total 35328K, used 7967K [0x00000000a0000000, 0x00000000a2280000, 0x00000000e0000000)
  object space 35328K, 22% used [0x00000000a0000000,0x00000000a07c7e08,0x00000000a2280000)
 Metaspace       used 20807K, capacity 21184K, committed 21248K, reserved 1067008K
  class space    used 2904K, capacity 3038K, committed 3072K, reserved 1048576K
}
Event: 3.815 GC heap before
{Heap before GC invocations=9 (full 1):
 PSYoungGen      total 72192K, used 64512K [0x00000000e0000000, 0x00000000e8e00000, 0x0000000100000000)
  eden space 64512K, 100% used [0x00000000e0000000,0x00000000e3f00000,0x00000000e3f00000)
  from space 7680K, 0% used [0x00000000e3f00000,0x00000000e3f00000,0x00000000e4680000)
  to   space 8192K, 0% used [0x00000000e8600000,0x00000000e8600000,0x00000000e8e00000)
 ParOldGen       total 35328K, used 7967K [0x00000000a0000000, 0x00000000a2280000, 0x00000000e0000000)
  object space 35328K, 22% used [0x00000000a0000000,0x00000000a07c7e08,0x00000000a2280000)
 Metaspace       used 26540K, capacity 27040K, committed 27136K, reserved 1073152K
  class space    used 3660K, capacity 3829K, committed 3840K, reserved 1048576K
Event: 3.822 GC heap after
Heap after GC invocations=9 (full 1):
 PSYoungGen      total 106496K, used 7212K [0x00000000e0000000, 0x00000000e8d80000, 0x0000000100000000)
  eden space 98816K, 0% used [0x00000000e0000000,0x00000000e0000000,0x00000000e6080000)
  from space 7680K, 93% used [0x00000000e8600000,0x00000000e8d0b000,0x00000000e8d80000)
  to   space 8704K, 0% used [0x00000000e7c80000,0x00000000e7c80000,0x00000000e8500000)
 ParOldGen       total 35328K, used 7975K [0x00000000a0000000, 0x00000000a2280000, 0x00000000e0000000)
  object space 35328K, 22% used [0x00000000a0000000,0x00000000a07c9e08,0x00000000a2280000)
 Metaspace       used 26540K, capacity 27040K, committed 27136K, reserved 1073152K
  class space    used 3660K, capacity 3829K, committed 3840K, reserved 1048576K
}

