# JRE version: OpenJDK Runtime Environment (8.0_152-b02) (build 1.8.0_152-release-1024-b02)
# Java VM: OpenJDK 64-Bit Server VM (25.152-b02 mixed mode windows-amd64 compressed oops)
Heap:
 PSYoungGen      total 94208K, used 1551K [0x00000000e0000000, 0x00000000e7d80000, 0x0000000100000000)
  eden space 83456K, 1% used [0x00000000e0000000,0x00000000e0183e20,0x00000000e5180000)
  from space 10752K, 0% used [0x00000000e7300000,0x00000000e7300000,0x00000000e7d80000)
  to   space 9728K, 0% used [0x00000000e5180000,0x00000000e5180000,0x00000000e5b00000)
 ParOldGen       total 56320K, used 26652K [0x00000000a0000000, 0x00000000a3700000, 0x00000000e0000000)
  object space 56320K, 47% used [0x00000000a0000000,0x00000000a1a073b0,0x00000000a3700000)
 Metaspace       used 47506K, capacity 48538K, committed 48728K, reserved 1093632K
  class space    used 6448K, capacity 6766K, committed 6784K, reserved 1048576K
GC Heap History (10 events):
Event: 5.120 GC heap before
{Heap before GC invocations=11 (full 1):
 PSYoungGen      total 72192K, used 33947K [0x00000000e0000000, 0x00000000e6480000, 0x0000000100000000)
  eden space 63488K, 39% used [0x00000000e0000000,0x00000000e18ae8d0,0x00000000e3e00000)
  from space 8704K, 99% used [0x00000000e3e00000,0x00000000e4678568,0x00000000e4680000)
  to   space 9728K, 0% used [0x00000000e5b00000,0x00000000e5b00000,0x00000000e6480000)
 ParOldGen       total 35328K, used 8669K [0x00000000a0000000, 0x00000000a2280000, 0x00000000e0000000)
  object space 35328K, 24% used [0x00000000a0000000,0x00000000a0877690,0x00000000a2280000)
 Metaspace       used 34660K, capacity 35244K, committed 35416K, reserved 1079296K
  class space    used 4780K, capacity 4972K, committed 4992K, reserved 1048576K
Event: 5.129 GC heap after
Heap after GC invocations=11 (full 1):
 PSYoungGen      total 93184K, used 6634K [0x00000000e0000000, 0x00000000e6480000, 0x0000000100000000)
  eden space 83456K, 0% used [0x00000000e0000000,0x00000000e0000000,0x00000000e5180000)
  from space 9728K, 68% used [0x00000000e5b00000,0x00000000e617aa00,0x00000000e6480000)
  to   space 9728K, 0% used [0x00000000e5180000,0x00000000e5180000,0x00000000e5b00000)
 ParOldGen       total 35328K, used 11578K [0x00000000a0000000, 0x00000000a2280000, 0x00000000e0000000)
  object space 35328K, 32% used [0x00000000a0000000,0x00000000a0b4ea20,0x00000000a2280000)
 Metaspace       used 34660K, capacity 35244K, committed 35416K, reserved 1079296K
  class space    used 4780K, capacity 4972K, committed 4992K, reserved 1048576K
}
Event: 5.129 GC heap before
{Heap before GC invocations=12 (full 2):
 PSYoungGen      total 93184K, used 6634K [0x00000000e0000000, 0x00000000e6480000, 0x0000000100000000)
  eden space 83456K, 0% used [0x00000000e0000000,0x00000000e0000000,0x00000000e5180000)
  from space 9728K, 68% used [0x00000000e5b00000,0x00000000e617aa00,0x00000000e6480000)
  to   space 9728K, 0% used [0x00000000e5180000,0x00000000e5180000,0x00000000e5b00000)
 ParOldGen       total 35328K, used 11578K [0x00000000a0000000, 0x00000000a2280000, 0x00000000e0000000)
  object space 35328K, 32% used [0x00000000a0000000,0x00000000a0b4ea20,0x00000000a2280000)
 Metaspace       used 34660K, capacity 35244K, committed 35416K, reserved 1079296K
  class space    used 4780K, capacity 4972K, committed 4992K, reserved 1048576K
Event: 5.190 GC heap after
Heap after GC invocations=12 (full 2):
 PSYoungGen      total 93184K, used 0K [0x00000000e0000000, 0x00000000e6480000, 0x0000000100000000)
  eden space 83456K, 0% used [0x00000000e0000000,0x00000000e0000000,0x00000000e5180000)
  from space 9728K, 0% used [0x00000000e5b00000,0x00000000e5b00000,0x00000000e6480000)
  to   space 9728K, 0% used [0x00000000e5180000,0x00000000e5180000,0x00000000e5b00000)
 ParOldGen       total 56320K, used 16175K [0x00000000a0000000, 0x00000000a3700000, 0x00000000e0000000)
  object space 56320K, 28% used [0x00000000a0000000,0x00000000a0fcbdd0,0x00000000a3700000)
 Metaspace       used 34660K, capacity 35244K, committed 35416K, reserved 1079296K
  class space    used 4780K, capacity 4972K, committed 4992K, reserved 1048576K
}
Event: 6.034 GC heap before
{Heap before GC invocations=13 (full 2):
 PSYoungGen      total 93184K, used 83456K [0x00000000e0000000, 0x00000000e6480000, 0x0000000100000000)
  eden space 83456K, 100% used [0x00000000e0000000,0x00000000e5180000,0x00000000e5180000)
  from space 9728K, 0% used [0x00000000e5b00000,0x00000000e5b00000,0x00000000e6480000)
  to   space 9728K, 0% used [0x00000000e5180000,0x00000000e5180000,0x00000000e5b00000)
 ParOldGen       total 56320K, used 16175K [0x00000000a0000000, 0x00000000a3700000, 0x00000000e0000000)
  object space 56320K, 28% used [0x00000000a0000000,0x00000000a0fcbdd0,0x00000000a3700000)
 Metaspace       used 39782K, capacity 40522K, committed 40792K, reserved 1085440K
  class space    used 5405K, capacity 5655K, committed 5760K, reserved 1048576K
Event: 6.045 GC heap after
Heap after GC invocations=13 (full 2):
 PSYoungGen      total 93184K, used 8863K [0x00000000e0000000, 0x00000000e7d80000, 0x0000000100000000)
  eden space 83456K, 0% used [0x00000000e0000000,0x00000000e0000000,0x00000000e5180000)
  from space 9728K, 91% used [0x00000000e5180000,0x00000000e5a27ee8,0x00000000e5b00000)
  to   space 10752K, 0% used [0x00000000e7300000,0x00000000e7300000,0x00000000e7d80000)
 ParOldGen       total 56320K, used 16183K [0x00000000a0000000, 0x00000000a3700000, 0x00000000e0000000)
  object space 56320K, 28% used [0x00000000a0000000,0x00000000a0fcddd0,0x00000000a3700000)
 Metaspace       used 39782K, capacity 40522K, committed 40792K, reserved 1085440K
  class space    used 5405K, capacity 5655K, committed 5760K, reserved 1048576K
}
Event: 9.011 GC heap before
{Heap before GC invocations=14 (full 2):
 PSYoungGen      total 93184K, used 87136K [0x00000000e0000000, 0x00000000e7d80000, 0x0000000100000000)
  eden space 83456K, 93% used [0x00000000e0000000,0x00000000e4c703b8,0x00000000e5180000)
  from space 9728K, 91% used [0x00000000e5180000,0x00000000e5a27ee8,0x00000000e5b00000)
  to   space 10752K, 0% used [0x00000000e7300000,0x00000000e7300000,0x00000000e7d80000)
 ParOldGen       total 56320K, used 16183K [0x00000000a0000000, 0x00000000a3700000, 0x00000000e0000000)
  object space 56320K, 28% used [0x00000000a0000000,0x00000000a0fcddd0,0x00000000a3700000)
 Metaspace       used 47389K, capacity 48446K, committed 48472K, reserved 1095680K
  class space    used 6431K, capacity 6760K, committed 6784K, reserved 1048576K
Event: 9.033 GC heap after
Heap after GC invocations=14 (full 2):
 PSYoungGen      total 94208K, used 10731K [0x00000000e0000000, 0x00000000e7d80000, 0x0000000100000000)
  eden space 83456K, 0% used [0x00000000e0000000,0x00000000e0000000,0x00000000e5180000)
  from space 10752K, 99% used [0x00000000e7300000,0x00000000e7d7aec8,0x00000000e7d80000)
  to   space 9728K, 0% used [0x00000000e5180000,0x00000000e5180000,0x00000000e5b00000)
 ParOldGen       total 56320K, used 19003K [0x00000000a0000000, 0x00000000a3700000, 0x00000000e0000000)
  object space 56320K, 33% used [0x00000000a0000000,0x00000000a128ee48,0x00000000a3700000)
 Metaspace       used 47389K, capacity 48446K, committed 48472K, reserved 1095680K
  class space    used 6431K, capacity 6760K, committed 6784K, reserved 1048576K
}
Event: 9.033 GC heap before
{Heap before GC invocations=15 (full 3):
 PSYoungGen      total 94208K, used 10731K [0x00000000e0000000, 0x00000000e7d80000, 0x0000000100000000)
  eden space 83456K, 0% used [0x00000000e0000000,0x00000000e0000000,0x00000000e5180000)
  from space 10752K, 99% used [0x00000000e7300000,0x00000000e7d7aec8,0x00000000e7d80000)
  to   space 9728K, 0% used [0x00000000e5180000,0x00000000e5180000,0x00000000e5b00000)
 ParOldGen       total 56320K, used 19003K [0x00000000a0000000, 0x00000000a3700000, 0x00000000e0000000)
  object space 56320K, 33% used [0x00000000a0000000,0x00000000a128ee48,0x00000000a3700000)
 Metaspace       used 47389K, capacity 48446K, committed 48472K, reserved 1095680K
  class space    used 6431K, capacity 6760K, committed 6784K, reserved 1048576K
Event: 9.254 GC heap after
Heap after GC invocations=15 (full 3):
 PSYoungGen      total 94208K, used 0K [0x00000000e0000000, 0x00000000e7d80000, 0x0000000100000000)
  eden space 83456K, 0% used [0x00000000e0000000,0x00000000e0000000,0x00000000e5180000)
  from space 10752K, 0% used [0x00000000e7300000,0x00000000e7300000,0x00000000e7d80000)
  to   space 9728K, 0% used [0x00000000e5180000,0x00000000e5180000,0x00000000e5b00000)
 ParOldGen       total 56320K, used 26652K [0x00000000a0000000, 0x00000000a3700000, 0x00000000e0000000)
  object space 56320K, 47% used [0x00000000a0000000,0x00000000a1a073b0,0x00000000a3700000)
 Metaspace       used 47389K, capacity 48446K, committed 48472K, reserved 1093632K
  class space    used 6431K, capacity 6760K, committed 6784K, reserved 1048576K
}

