# JRE version: OpenJDK Runtime Environment (8.0_152-b02) (build 1.8.0_152-release-1024-b02)
# Java VM: OpenJDK 64-Bit Server VM (25.152-b02 mixed mode windows-amd64 compressed oops)
Heap:
 PSYoungGen      total 140800K, used 401K [0x00000000e0000000, 0x00000000e9680000, 0x0000000100000000)
  eden space 127488K, 0% used [0x00000000e0000000,0x00000000e0000000,0x00000000e7c80000)
  from space 13312K, 3% used [0x00000000e8980000,0x00000000e89e4798,0x00000000e9680000)
  to   space 10240K, 0% used [0x00000000e7d00000,0x00000000e7d00000,0x00000000e8700000)
 ParOldGen       total 70144K, used 19447K [0x00000000a0000000, 0x00000000a4480000, 0x00000000e0000000)
  object space 70144K, 27% used [0x00000000a0000000,0x00000000a12fdef8,0x00000000a4480000)
 Metaspace       used 35145K, capacity 35650K, committed 35672K, reserved 1079296K
  class space    used 4819K, capacity 4989K, committed 4992K, reserved 1048576K
GC Heap History (10 events):
Event: 2.828 GC heap after
Heap after GC invocations=6 (full 1):
 PSYoungGen      total 68096K, used 0K [0x00000000e0000000, 0x00000000e9400000, 0x0000000100000000)
  eden space 65536K, 0% used [0x00000000e0000000,0x00000000e0000000,0x00000000e4000000)
  from space 2560K, 0% used [0x00000000e4000000,0x00000000e4000000,0x00000000e4280000)
  to   space 10240K, 0% used [0x00000000e8a00000,0x00000000e8a00000,0x00000000e9400000)
 ParOldGen       total 44544K, used 10708K [0x00000000a0000000, 0x00000000a2b80000, 0x00000000e0000000)
  object space 44544K, 24% used [0x00000000a0000000,0x00000000a0a750c0,0x00000000a2b80000)
 Metaspace       used 20791K, capacity 21146K, committed 21248K, reserved 1067008K
  class space    used 2897K, capacity 3017K, committed 3072K, reserved 1048576K
}
Event: 3.933 GC heap before
{Heap before GC invocations=7 (full 1):
 PSYoungGen      total 68096K, used 65536K [0x00000000e0000000, 0x00000000e9400000, 0x0000000100000000)
  eden space 65536K, 100% used [0x00000000e0000000,0x00000000e4000000,0x00000000e4000000)
  from space 2560K, 0% used [0x00000000e4000000,0x00000000e4000000,0x00000000e4280000)
  to   space 10240K, 0% used [0x00000000e8a00000,0x00000000e8a00000,0x00000000e9400000)
 ParOldGen       total 44544K, used 10708K [0x00000000a0000000, 0x00000000a2b80000, 0x00000000e0000000)
  object space 44544K, 24% used [0x00000000a0000000,0x00000000a0a750c0,0x00000000a2b80000)
 Metaspace       used 26404K, capacity 26746K, committed 27136K, reserved 1073152K
  class space    used 3640K, capacity 3744K, committed 3840K, reserved 1048576K
Event: 3.943 GC heap after
Heap after GC invocations=7 (full 1):
 PSYoungGen      total 99328K, used 6994K [0x00000000e0000000, 0x00000000e9100000, 0x0000000100000000)
  eden space 92160K, 0% used [0x00000000e0000000,0x00000000e0000000,0x00000000e5a00000)
  from space 7168K, 97% used [0x00000000e8a00000,0x00000000e90d49e0,0x00000000e9100000)
  to   space 10240K, 0% used [0x00000000e7d00000,0x00000000e7d00000,0x00000000e8700000)
 ParOldGen       total 44544K, used 10716K [0x00000000a0000000, 0x00000000a2b80000, 0x00000000e0000000)
  object space 44544K, 24% used [0x00000000a0000000,0x00000000a0a770c0,0x00000000a2b80000)
 Metaspace       used 26404K, capacity 26746K, committed 27136K, reserved 1073152K
  class space    used 3640K, capacity 3744K, committed 3840K, reserved 1048576K
}
Event: 5.463 GC heap before
{Heap before GC invocations=8 (full 1):
 PSYoungGen      total 99328K, used 96976K [0x00000000e0000000, 0x00000000e9100000, 0x0000000100000000)
  eden space 92160K, 97% used [0x00000000e0000000,0x00000000e57df6a8,0x00000000e5a00000)
  from space 7168K, 97% used [0x00000000e8a00000,0x00000000e90d49e0,0x00000000e9100000)
  to   space 10240K, 0% used [0x00000000e7d00000,0x00000000e7d00000,0x00000000e8700000)
 ParOldGen       total 44544K, used 10716K [0x00000000a0000000, 0x00000000a2b80000, 0x00000000e0000000)
  object space 44544K, 24% used [0x00000000a0000000,0x00000000a0a770c0,0x00000000a2b80000)
 Metaspace       used 34878K, capacity 35354K, committed 35416K, reserved 1079296K
  class space    used 4784K, capacity 4955K, committed 4992K, reserved 1048576K
Event: 5.479 GC heap after
Heap after GC invocations=8 (full 1):
 PSYoungGen      total 137728K, used 10210K [0x00000000e0000000, 0x00000000e9680000, 0x0000000100000000)
  eden space 127488K, 0% used [0x00000000e0000000,0x00000000e0000000,0x00000000e7c80000)
  from space 10240K, 99% used [0x00000000e7d00000,0x00000000e86f8a20,0x00000000e8700000)
  to   space 13312K, 0% used [0x00000000e8980000,0x00000000e8980000,0x00000000e9680000)
 ParOldGen       total 44544K, used 13411K [0x00000000a0000000, 0x00000000a2b80000, 0x00000000e0000000)
  object space 44544K, 30% used [0x00000000a0000000,0x00000000a0d18ec0,0x00000000a2b80000)
 Metaspace       used 34878K, capacity 35354K, committed 35416K, reserved 1079296K
  class space    used 4784K, capacity 4955K, committed 4992K, reserved 1048576K
}
Event: 5.479 GC heap before
{Heap before GC invocations=9 (full 2):
 PSYoungGen      total 137728K, used 10210K [0x00000000e0000000, 0x00000000e9680000, 0x0000000100000000)
  eden space 127488K, 0% used [0x00000000e0000000,0x00000000e0000000,0x00000000e7c80000)
  from space 10240K, 99% used [0x00000000e7d00000,0x00000000e86f8a20,0x00000000e8700000)
  to   space 13312K, 0% used [0x00000000e8980000,0x00000000e8980000,0x00000000e9680000)
 ParOldGen       total 44544K, used 13411K [0x00000000a0000000, 0x00000000a2b80000, 0x00000000e0000000)
  object space 44544K, 30% used [0x00000000a0000000,0x00000000a0d18ec0,0x00000000a2b80000)
 Metaspace       used 34878K, capacity 35354K, committed 35416K, reserved 1079296K
  class space    used 4784K, capacity 4955K, committed 4992K, reserved 1048576K
Event: 5.566 GC heap after
Heap after GC invocations=9 (full 2):
 PSYoungGen      total 137728K, used 0K [0x00000000e0000000, 0x00000000e9680000, 0x0000000100000000)
  eden space 127488K, 0% used [0x00000000e0000000,0x00000000e0000000,0x00000000e7c80000)
  from space 10240K, 0% used [0x00000000e7d00000,0x00000000e7d00000,0x00000000e8700000)
  to   space 13312K, 0% used [0x00000000e8980000,0x00000000e8980000,0x00000000e9680000)
 ParOldGen       total 70144K, used 19447K [0x00000000a0000000, 0x00000000a4480000, 0x00000000e0000000)
  object space 70144K, 27% used [0x00000000a0000000,0x00000000a12fdef8,0x00000000a4480000)
 Metaspace       used 34878K, capacity 35354K, committed 35416K, reserved 1079296K
  class space    used 4784K, capacity 4955K, committed 4992K, reserved 1048576K
}
Event: 5.624 GC heap before
{Heap before GC invocations=10 (full 2):
 PSYoungGen      total 137728K, used 2182K [0x00000000e0000000, 0x00000000e9680000, 0x0000000100000000)
  eden space 127488K, 1% used [0x00000000e0000000,0x00000000e0221b60,0x00000000e7c80000)
  from space 10240K, 0% used [0x00000000e7d00000,0x00000000e7d00000,0x00000000e8700000)
  to   space 13312K, 0% used [0x00000000e8980000,0x00000000e8980000,0x00000000e9680000)
 ParOldGen       total 70144K, used 19447K [0x00000000a0000000, 0x00000000a4480000, 0x00000000e0000000)
  object space 70144K, 27% used [0x00000000a0000000,0x00000000a12fdef8,0x00000000a4480000)
 Metaspace       used 35145K, capacity 35650K, committed 35672K, reserved 1079296K
  class space    used 4819K, capacity 4989K, committed 4992K, reserved 1048576K
Event: 5.626 GC heap after
Heap after GC invocations=10 (full 2):
 PSYoungGen      total 140800K, used 401K [0x00000000e0000000, 0x00000000e9680000, 0x0000000100000000)
  eden space 127488K, 0% used [0x00000000e0000000,0x00000000e0000000,0x00000000e7c80000)
  from space 13312K, 3% used [0x00000000e8980000,0x00000000e89e4798,0x00000000e9680000)
  to   space 10240K, 0% used [0x00000000e7d00000,0x00000000e7d00000,0x00000000e8700000)
 ParOldGen       total 70144K, used 19447K [0x00000000a0000000, 0x00000000a4480000, 0x00000000e0000000)
  object space 70144K, 27% used [0x00000000a0000000,0x00000000a12fdef8,0x00000000a4480000)
 Metaspace       used 35145K, capacity 35650K, committed 35672K, reserved 1079296K
  class space    used 4819K, capacity 4989K, committed 4992K, reserved 1048576K
}
Event: 5.626 GC heap before
{Heap before GC invocations=11 (full 3):
 PSYoungGen      total 140800K, used 401K [0x00000000e0000000, 0x00000000e9680000, 0x0000000100000000)
  eden space 127488K, 0% used [0x00000000e0000000,0x00000000e0000000,0x00000000e7c80000)
  from space 13312K, 3% used [0x00000000e8980000,0x00000000e89e4798,0x00000000e9680000)
  to   space 10240K, 0% used [0x00000000e7d00000,0x00000000e7d00000,0x00000000e8700000)
 ParOldGen       total 70144K, used 19447K [0x00000000a0000000, 0x00000000a4480000, 0x00000000e0000000)
  object space 70144K, 27% used [0x00000000a0000000,0x00000000a12fdef8,0x00000000a4480000)
 Metaspace       used 35145K, capacity 35650K, committed 35672K, reserved 1079296K
  class space    used 4819K, capacity 4989K, committed 4992K, reserved 1048576K

